

HI-TECH Software Macro Assembler (PIC18) V9.66 build 8870 
                                                       Sun Dec 30 14:54:42 2012


     1                           
     2                           	; HI-TECH C PRO for the PIC18 MCU Family V9.66
     3                           	; Copyright (C) 1984-2011 HI-TECH Software
     4                           
     5                           	; Auto-generated runtime startup code for final
                                  link stage.
     6                           
     7                           	;
     8                           	; Compiler options:
     9                           	;
    10                           	; -oPIC18F4431_I2C_Master.cof -mPIC18F4431_I2C_
                                 Master.map \
    11                           	; --summary=default --output=default i2c.p1 mai
                                 n.p1 uart.p1 \
    12                           	; --chip=18F4431 -P --runtime=default --opt=def
                                 ault -D__DEBUG=1 \
    13                           	; --rom=default --ram=default -g --asmlist \
    14                           	; --errformat=Error   [%n] %f; %l.%c %s --msgfo
                                 rmat=Advisory[%n] %s \
    15                           	; --warnformat=Warning [%n] %f; %l.%c %s
    16                           	;
    17                           
    18                           
    19                           	GLOBAL	_main,start,_exit
    20                           	FNROOT	_main
    21                           
    22  000000                     	pic18cxx	equ	1
    23                           
    24                           	psect	config,class=CONFIG,delta=1
    25                           	psect	idloc,class=IDLOC,delta=1
    26                           	psect	eeprom_data,class=EEDATA,delta=1
    27                           	psect	const,class=CODE,delta=1,reloc=2
    28                           	psect	smallconst,class=SMALLCONST,delta=1,reloc
                                 =2
    29                           	psect	mediumconst,class=MEDIUMCONST,delta=1,rel
                                 oc=2
    30                           	psect	rbss,class=COMRAM,space=1
    31                           	psect	bss,class=RAM,space=1
    32                           	psect	rdata,class=COMRAM,space=1
    33                           	psect	irdata,class=CODE,space=0,reloc=2
    34                           	psect	bss,class=RAM,space=1
    35                           	psect	data,class=RAM,space=1
    36                           	psect	idata,class=CODE,space=0,reloc=2
    37                           	psect	nvram,class=NVRAM,space=1
    38                           	psect	nvrram,class=COMRAM,space=1
    39                           	psect	nvbit,class=COMRAM,bit,space=1
    40                           	psect	temp,ovrld,class=COMRAM,space=1
    41                           	psect	struct,ovrld,class=COMRAM,space=1
    42                           	psect	rbit,class=COMRAM,bit,space=1
    43                           	psect	bigbss,class=BIGRAM,space=1
    44                           	psect	bigdata,class=BIGRAM,space=1
    45                           	psect	ibigdata,class=CODE,space=0,reloc=2
    46                           	psect	farbss,class=FARRAM,space=0,reloc=2,delta
                                 =1
    47                           	psect	fardata,class=FARRAM,space=0,reloc=2,delt
                                 a=1
    48                           	psect	ifardata,class=CODE,space=0,reloc=2,delta
                                 =1
    49                           
    50                           	psect	reset_vec,class=CODE,delta=1,reloc=2
    51                           	psect	powerup,class=CODE,delta=1,reloc=2
    52                           	psect	intcode,class=CODE,delta=1,reloc=2
    53                           	psect	intcodelo,class=CODE,delta=1,reloc=2
    54                           	psect	intret,class=CODE,delta=1,reloc=2
    55                           	psect	intentry,class=CODE,delta=1,reloc=2
    56                           
    57                           	psect	intsave_regs,class=BIGRAM,space=1
    58                           	psect	init,class=CODE,delta=1,reloc=2
    59                           	psect	text,class=CODE,delta=1,reloc=2
    60                           GLOBAL	intlevel0,intlevel1,intlevel2
    61  000D04                     intlevel0:
    62  000D04                     intlevel1:
    63  000D04                     intlevel2:
    64                           GLOBAL	intlevel3
    65  000D04                     intlevel3:
    66                           	psect	end_init,class=CODE,delta=1,reloc=2
    67                           	psect	clrtext,class=CODE,delta=1,reloc=2
    68                           
    69                           	psect	rparam,class=COMRAM,space=1
    70                           	psect	param0,class=BANK0,space=1
    71                           	psect	param1,class=BANK1,space=1
    72                           	psect	param2,class=BANK2,space=1
    73  000000                     wreg	EQU	0FE8h
    74  000000                     fsr0l	EQU	0FE9h
    75  000000                     fsr0h	EQU	0FEAh
    76  000000                     fsr1l	EQU	0FE1h
    77  000000                     fsr1h	EQU	0FE2h
    78  000000                     fsr2l	EQU	0FD9h
    79  000000                     fsr2h	EQU	0FDAh
    80  000000                     postinc0	EQU	0FEEh
    81  000000                     postdec0	EQU	0FEDh
    82  000000                     postinc1	EQU	0FE6h
    83  000000                     postdec1	EQU	0FE5h
    84  000000                     postinc2	EQU	0FDEh
    85  000000                     postdec2	EQU	0FDDh
    86  000000                     tblptrl	EQU	0FF6h
    87  000000                     tblptrh	EQU	0FF7h
    88  000000                     tblptru	EQU	0FF8h
    89  000000                     tablat		EQU	0FF5h
    90                           
    91                           	GLOBAL __accesstop
    92  000000                     __accesstop EQU 96
    93                           	PSECT	ramtop,class=RAM
    94                           	GLOBAL	__S1			; top of RAM usage
    95                           	GLOBAL	__ramtop
    96                           	GLOBAL	__LRAM,__HRAM
    97  000300                     __ramtop:
    98                           
    99                           	PSECT	reset_vec
   100  000000                     reset_pos:
   101  000000  EF0C  F000         	goto	start
   102                           
   103                           	PSECT	init
   104  000018                     start:
   105  000018                     _exit:
   106                           ; fardata psect  - 0 bytes to load
   107                           
   108                           ; farbss psect  - 0 bytes to clear
   109                           
   110                           ; bigdata psect - 0 bytes to load
   111                           
   112  000018  EE00 F000          	lfsr	0,0
   113  00001C  EE10 F025          	lfsr	1,37
   114  000020  EC18  F000         	call	clear_ram
   115                           	PSECT	end_init
   116                           	GLOBAL	__Lsmallconst
   117  000024  0E00               	movlw	low highword(__Lsmallconst)
   118  000026  6EF8               	movwf	tblptru
   119  000028  0E03               	movlw	high(__Lsmallconst)
   120  00002A  6EF7               	movwf	tblptrh
   121  00002C  EF42  F006         	goto	_main		;go do the main stuff
   122                           ; Clear these memory locations
   123  000030                     clear_ram:
   124  000030  6AEE               	clrf	postinc0	;clear, increment FSR0
   125  000032  50E5               	movf	postdec1,w	;decrement loop variable
   126  000034  50E1               	movf	fsr1l,w
   127  000036  E1FC               	bnz	clear_ram
   128  000038  50E2               	movf	fsr1h,w
   129  00003A  E1FA               	bnz	clear_ram
   130  00003C  0012               	return


HI-TECH Software PICC-18 Macro Assembler V9.66 build 8870 
Symbol Table                                           Sun Dec 30 14:54:42 2012

         __S1 0200          _main 0C84          _exit 0018  
        fsr1h 000FE2          fsr1l 000FE1          start 0018  
       __HRAM 0000         __LRAM 0001        tblptrh 000FF7  
      tblptru 000FF8    __accesstop 000060       __ramtop 0300  
     postdec1 000FE5       postinc0 000FEE  __Lsmallconst 0300  
    clear_ram 0030      intlevel0 0D04      intlevel1 0D04  
    intlevel2 0D04      intlevel3 0D04      reset_pos 0000  
